<?xml version="1.0" encoding="UTF-8"?>
<!-- Generated by org.testng.reporters.JUnitXMLReporter -->
<testsuite ignored="0" hostname="DESKTOP-C2F25D7" failures="0" tests="3" name="Default test" time="0.081" errors="0" timestamp="2022-01-25T13:01:09 IST">
  <testcase classname="inetBankingv1.inetBankingv1.Dataproviderexample" name="loginTest" time="0.008"/>
  <testcase classname="inetBankingv1.inetBankingv1.Dataproviderexample" name="loginTest" time="0.002"/>
  <testcase classname="inetBankingv1.inetBankingv1.Dataproviderexample" name="loginTest" time="0.002"/>
</testsuite> <!-- Default test -->
