<?xml version="1.0" encoding="UTF-8"?>
<testng-results ignored="0" total="1" passed="1" failed="0" skipped="0">
  <reporter-output>
  </reporter-output>
  <suite started-at="2021-11-29T18:23:56 IST" name="Suite" finished-at="2021-11-29T18:24:03 IST" duration-ms="7317">
    <groups>
    </groups>
    <test started-at="2021-11-29T18:23:56 IST" name="Test" finished-at="2021-11-29T18:24:03 IST" duration-ms="7317">
      <class name="inetBankingv1.inetBankingv1.Base">
        <test-method signature="method()[pri:0, instance:inetBankingv1.inetBankingv1.Base@2accdbb5]" started-at="2021-11-29T18:23:56 IST" name="method" finished-at="2021-11-29T18:24:03 IST" duration-ms="7210" status="PASS">
          <reporter-output>
          </reporter-output>
        </test-method> <!-- method -->
      </class> <!-- inetBankingv1.inetBankingv1.Base -->
    </test> <!-- Test -->
  </suite> <!-- Suite -->
</testng-results>
