<?xml version="1.0" encoding="UTF-8"?>
<testng-results ignored="0" total="1" passed="1" failed="0" skipped="0">
  <reporter-output>
  </reporter-output>
  <suite started-at="2022-03-24T12:59:58 IST" name="Default suite" finished-at="2022-03-24T13:00:06 IST" duration-ms="8276">
    <groups>
    </groups>
    <test started-at="2022-03-24T12:59:58 IST" name="Default test" finished-at="2022-03-24T13:00:06 IST" duration-ms="8276">
      <class name="inetBankingv1.inetBankingv1.aaaaa">
        <test-method signature="method()[pri:0, instance:inetBankingv1.inetBankingv1.aaaaa@69997e9d]" started-at="2022-03-24T12:59:58 IST" name="method" finished-at="2022-03-24T13:00:06 IST" duration-ms="8217" status="PASS">
          <reporter-output>
          </reporter-output>
        </test-method> <!-- method -->
      </class> <!-- inetBankingv1.inetBankingv1.aaaaa -->
    </test> <!-- Default test -->
  </suite> <!-- Default suite -->
</testng-results>
