<?xml version="1.0" encoding="UTF-8"?>
<testng-results ignored="0" total="1" passed="1" failed="0" skipped="0">
  <reporter-output>
  </reporter-output>
  <suite started-at="2022-03-30T10:04:42 IST" name="Suite" finished-at="2022-03-30T10:04:57 IST" duration-ms="14722">
    <groups>
    </groups>
    <test started-at="2022-03-30T10:04:42 IST" name="Test" finished-at="2022-03-30T10:04:57 IST" duration-ms="14722">
      <class name="Sevenchats.com.app.Automation">
        <test-method signature="setUp()[pri:0, instance:Sevenchats.com.app.Automation@4a7f959b]" started-at="2022-03-30T10:04:42 IST" name="setUp" finished-at="2022-03-30T10:04:57 IST" duration-ms="14628" status="PASS">
          <reporter-output>
          </reporter-output>
        </test-method> <!-- setUp -->
      </class> <!-- Sevenchats.com.app.Automation -->
    </test> <!-- Test -->
  </suite> <!-- Suite -->
</testng-results>
