<?xml version="1.0" encoding="UTF-8"?>
<testng-results ignored="0" total="1" passed="1" failed="0" skipped="0">
  <reporter-output>
  </reporter-output>
  <suite started-at="2022-03-29T10:13:19 IST" name="Default suite" finished-at="2022-03-29T10:13:26 IST" duration-ms="7135">
    <groups>
    </groups>
    <test started-at="2022-03-29T10:13:19 IST" name="Default test" finished-at="2022-03-29T10:13:26 IST" duration-ms="7135">
      <class name="RestAssured.Test.Screenshot">
        <test-method signature="setCalendar()[pri:0, instance:RestAssured.Test.Screenshot@5e3d57c7]" started-at="2022-03-29T10:13:19 IST" name="setCalendar" finished-at="2022-03-29T10:13:26 IST" duration-ms="6934" status="PASS">
          <reporter-output>
          </reporter-output>
        </test-method> <!-- setCalendar -->
      </class> <!-- RestAssured.Test.Screenshot -->
    </test> <!-- Default test -->
  </suite> <!-- Default suite -->
</testng-results>
