<?xml version="1.0" encoding="UTF-8"?>
<testng-results ignored="0" total="1" passed="1" failed="0" skipped="0">
  <reporter-output>
  </reporter-output>
  <suite started-at="2021-12-18T15:18:08 IST" name="Default suite" finished-at="2021-12-18T15:18:22 IST" duration-ms="13932">
    <groups>
    </groups>
    <test started-at="2021-12-18T15:18:08 IST" name="Default test" finished-at="2021-12-18T15:18:22 IST" duration-ms="13932">
      <class name="RestAssured.Test.Testng">
        <test-method is-config="true" signature="name()[pri:0, instance:RestAssured.Test.Testng@4ddbbdf8]" started-at="2021-12-18T15:18:08 IST" name="name" finished-at="2021-12-18T15:18:08 IST" duration-ms="22" status="PASS">
          <reporter-output>
          </reporter-output>
        </test-method> <!-- name -->
        <test-method signature="Number()[pri:0, instance:RestAssured.Test.Testng@4ddbbdf8]" started-at="2021-12-18T15:18:08 IST" name="Number" finished-at="2021-12-18T15:18:22 IST" duration-ms="13672" status="PASS">
          <reporter-output>
          </reporter-output>
        </test-method> <!-- Number -->
        <test-method is-config="true" signature="over()[pri:0, instance:RestAssured.Test.Testng@4ddbbdf8]" started-at="2021-12-18T15:18:22 IST" name="over" finished-at="2021-12-18T15:18:22 IST" duration-ms="5" status="PASS">
          <reporter-output>
          </reporter-output>
        </test-method> <!-- over -->
      </class> <!-- RestAssured.Test.Testng -->
    </test> <!-- Default test -->
  </suite> <!-- Default suite -->
</testng-results>
