<?xml version="1.0" encoding="UTF-8"?>
<testng-results ignored="0" total="1" passed="1" failed="0" skipped="0">
  <reporter-output>
  </reporter-output>
  <suite started-at="2021-12-03T14:08:45 IST" name="Sevenchats_V1" finished-at="2021-12-03T14:08:50 IST" duration-ms="5184">
    <groups>
    </groups>
    <test started-at="2021-12-03T14:08:45 IST" name="Sevenchats test" finished-at="2021-12-03T14:08:50 IST" duration-ms="5184">
      <class name="sevenchats_V1.testCases.TC_Login_1">
        <test-method is-config="true" signature="setup(java.lang.String)[pri:0, instance:sevenchats_V1.testCases.TC_Login_1@d278d2b]" started-at="2021-12-03T14:08:46 IST" name="setup" finished-at="2021-12-03T14:08:48 IST" duration-ms="2288" status="PASS">
          <params>
            <param index="0">
              <value>
                <![CDATA[chrome]]>
              </value>
            </param>
          </params>
          <reporter-output>
          </reporter-output>
        </test-method> <!-- setup -->
        <test-method signature="loginTest()[pri:0, instance:sevenchats_V1.testCases.TC_Login_1@d278d2b]" started-at="2021-12-03T14:08:48 IST" name="loginTest" finished-at="2021-12-03T14:08:50 IST" duration-ms="2154" status="PASS">
          <reporter-output>
          </reporter-output>
        </test-method> <!-- loginTest -->
        <test-method is-config="true" signature="teardown()[pri:0, instance:sevenchats_V1.testCases.TC_Login_1@d278d2b]" started-at="2021-12-03T14:08:50 IST" name="teardown" finished-at="2021-12-03T14:08:50 IST" duration-ms="322" status="PASS">
          <reporter-output>
          </reporter-output>
        </test-method> <!-- teardown -->
      </class> <!-- sevenchats_V1.testCases.TC_Login_1 -->
    </test> <!-- Sevenchats test -->
  </suite> <!-- Sevenchats_V1 -->
</testng-results>
